<?xml version="1.0" encoding="UTF-8"?>
<testng-results ignored="1" total="2" passed="1" failed="0" skipped="0">
  <reporter-output>
  </reporter-output>
  <suite started-at="2024-05-14T18:02:49 IST" name="Default suite" finished-at="2024-05-14T18:02:49 IST" duration-ms="98">
    <groups>
    </groups>
    <test started-at="2024-05-14T18:02:49 IST" name="Default test" finished-at="2024-05-14T18:02:49 IST" duration-ms="98">
      <class name="FinalTest.Annotations">
        <test-method is-config="true" signature="beforetest()[pri:0, instance:FinalTest.Annotations@515aebb0]" started-at="2024-05-14T18:02:49 IST" name="beforetest" finished-at="2024-05-14T18:02:49 IST" duration-ms="13" status="PASS">
          <reporter-output>
          </reporter-output>
        </test-method> <!-- beforetest -->
        <test-method is-config="true" signature="beforeClass()[pri:0, instance:FinalTest.Annotations@515aebb0]" started-at="2024-05-14T18:02:49 IST" name="beforeClass" finished-at="2024-05-14T18:02:49 IST" duration-ms="1" status="PASS">
          <reporter-output>
          </reporter-output>
        </test-method> <!-- beforeClass -->
        <test-method is-config="true" signature="beforemethod()[pri:0, instance:FinalTest.Annotations@515aebb0]" started-at="2024-05-14T18:02:49 IST" name="beforemethod" finished-at="2024-05-14T18:02:49 IST" duration-ms="1" status="PASS">
          <reporter-output>
          </reporter-output>
        </test-method> <!-- beforemethod -->
        <test-method signature="test1()[pri:0, instance:FinalTest.Annotations@515aebb0]" started-at="2024-05-14T18:02:49 IST" name="test1" finished-at="2024-05-14T18:02:49 IST" duration-ms="16" status="PASS">
          <reporter-output>
          </reporter-output>
        </test-method> <!-- test1 -->
        <test-method is-config="true" signature="aftermethod()[pri:0, instance:FinalTest.Annotations@515aebb0]" started-at="2024-05-14T18:02:49 IST" name="aftermethod" finished-at="2024-05-14T18:02:49 IST" duration-ms="1" status="PASS">
          <reporter-output>
          </reporter-output>
        </test-method> <!-- aftermethod -->
        <test-method is-config="true" signature="afterclass()[pri:0, instance:FinalTest.Annotations@515aebb0]" started-at="2024-05-14T18:02:49 IST" name="afterclass" finished-at="2024-05-14T18:02:49 IST" duration-ms="1" status="PASS">
          <reporter-output>
          </reporter-output>
        </test-method> <!-- afterclass -->
        <test-method is-config="true" signature="aftertest()[pri:0, instance:FinalTest.Annotations@515aebb0]" started-at="2024-05-14T18:02:49 IST" name="aftertest" finished-at="2024-05-14T18:02:49 IST" duration-ms="1" status="PASS">
          <reporter-output>
          </reporter-output>
        </test-method> <!-- aftertest -->
        <test-method is-config="true" signature="aftersuit()[pri:0, instance:FinalTest.Annotations@515aebb0]" started-at="2024-05-14T18:02:49 IST" name="aftersuit" finished-at="2024-05-14T18:02:49 IST" duration-ms="0" status="PASS">
          <reporter-output>
          </reporter-output>
        </test-method> <!-- aftersuit -->
      </class> <!-- FinalTest.Annotations -->
    </test> <!-- Default test -->
  </suite> <!-- Default suite -->
</testng-results>
